<?xml version="1.0" encoding="UTF-8"?>
<testsuite name="mytest.AppTest" tests="1" skipped="0" failures="0" errors="0" timestamp="2023-08-06T10:32:42" hostname="ip-172-31-34-227" time="0.007">
  <properties/>
  <testcase name="appHasAGreeting" classname="mytest.AppTest" time="0.007"/>
  <system-out><![CDATA[]]></system-out>
  <system-err><![CDATA[]]></system-err>
</testsuite>
